<?xml version="1.0" encoding="UTF-8"?>
<!-- Generated by org.testng.reporters.JUnitXMLReporter -->
<testsuite ignored="0" hostname="LPCAIQ1302" failures="2" tests="2" name="FemaleDataTest" time="6.988" errors="0" timestamp="2023-05-21T12:46:49 AST">
  <testcase classname="register.RegisterFemale" name="registerFemaleTest" time="0.002">
    <failure type="org.json.simple.parser.ParseException">
      <![CDATA[Unexpected character (D) at position 0.
at org.json.simple.parser.Yylex.yylex(Unknown Source)
at org.json.simple.parser.JSONParser.nextToken(Unknown Source)
at org.json.simple.parser.JSONParser.parse(Unknown Source)
at org.json.simple.parser.JSONParser.parse(Unknown Source)
at org.json.simple.parser.JSONParser.parse(Unknown Source)
at register.RegisterFemale.registerFemaleTest(RegisterFemale.java:20)
at java.base/java.util.ArrayList.forEach(ArrayList.java:1511)
... Removed 31 stack frames]]>
    </failure>
  </testcase> <!-- registerFemaleTest -->
  <testcase classname="login.LoginFemale" name="loginFemaleTest" time="0.001">
    <failure type="org.json.simple.parser.ParseException">
      <![CDATA[Unexpected character (D) at position 0.
at org.json.simple.parser.Yylex.yylex(Unknown Source)
at org.json.simple.parser.JSONParser.nextToken(Unknown Source)
at org.json.simple.parser.JSONParser.parse(Unknown Source)
at org.json.simple.parser.JSONParser.parse(Unknown Source)
at org.json.simple.parser.JSONParser.parse(Unknown Source)
at login.LoginFemale.loginFemaleTest(LoginFemale.java:22)
at java.base/java.util.ArrayList.forEach(ArrayList.java:1511)
... Removed 31 stack frames]]>
    </failure>
  </testcase> <!-- loginFemaleTest -->
</testsuite> <!-- FemaleDataTest -->
