<?xml version="1.0" encoding="UTF-8"?>
<!-- Generated by org.testng.reporters.JUnitXMLReporter -->
<testsuite ignored="0" hostname="LPCAIQ1302" failures="2" tests="2" name="MaleDataTest" time="9.807" errors="0" timestamp="2023-05-21T12:46:41 AST">
  <testcase classname="register.RegisterMale" name="registerMaleTest" time="0.069">
    <failure type="org.json.simple.parser.ParseException">
      <![CDATA[Unexpected character (D) at position 0.
at org.json.simple.parser.Yylex.yylex(Unknown Source)
at org.json.simple.parser.JSONParser.nextToken(Unknown Source)
at org.json.simple.parser.JSONParser.parse(Unknown Source)
at org.json.simple.parser.JSONParser.parse(Unknown Source)
at org.json.simple.parser.JSONParser.parse(Unknown Source)
at register.RegisterMale.registerMaleTest(RegisterMale.java:22)
at java.base/java.util.ArrayList.forEach(ArrayList.java:1511)
... Removed 31 stack frames]]>
    </failure>
  </testcase> <!-- registerMaleTest -->
  <testcase classname="login.LoginMale" name="loginMaleTest" time="0.001">
    <failure type="org.json.simple.parser.ParseException">
      <![CDATA[Unexpected character (D) at position 0.
at org.json.simple.parser.Yylex.yylex(Unknown Source)
at org.json.simple.parser.JSONParser.nextToken(Unknown Source)
at org.json.simple.parser.JSONParser.parse(Unknown Source)
at org.json.simple.parser.JSONParser.parse(Unknown Source)
at org.json.simple.parser.JSONParser.parse(Unknown Source)
at login.LoginMale.loginMaleTest(LoginMale.java:23)
at java.base/java.util.ArrayList.forEach(ArrayList.java:1511)
... Removed 31 stack frames]]>
    </failure>
  </testcase> <!-- loginMaleTest -->
</testsuite> <!-- MaleDataTest -->
